<?xml version="1.0" encoding="UTF-8"?>
<!-- Generated by org.testng.reporters.JUnitReportReporter -->
<testsuite skipped="0" hostname="hp" name="com.spotify.oauth2.tests.CategoryAPITests" tests="2" failures="0" timestamp="2025-01-25T12:59:41 IST" time="12.440" errors="0">
  <testcase name="getSevaralCategoryDetails" time="11.690" classname="com.spotify.oauth2.tests.CategoryAPITests"/>
  <system-out/>
  <testcase name="getSingleCategoryDetails" time="0.750" classname="com.spotify.oauth2.tests.CategoryAPITests"/>
  <system-out/>
</testsuite> <!-- com.spotify.oauth2.tests.CategoryAPITests -->
