<?xml version="1.0" encoding="UTF-8"?>
<!-- Generated by org.testng.reporters.JUnitReportReporter -->
<testsuite skipped="4" hostname="hp" name="spotify.oauth2.tests.PlaylistTests" tests="5" failures="0" timestamp="2024-12-18T22:31:26 IST" time="4.713" errors="0">
  <testcase name="shouldNotBeAbleToCreatePlaylistWithTampperdOrExpiredToken" time="4.713" classname="spotify.oauth2.tests.PlaylistTests"/>
  <system-out/>
  <testcase name="shouldNotBeAbleToCreatePlaylist" classname="spotify.oauth2.tests.PlaylistTests">
    <skipped/>
  </testcase> <!-- shouldNotBeAbleToCreatePlaylist -->
  <system-out/>
  <testcase name="shouldBeAbleToCreatePlaylist" classname="spotify.oauth2.tests.PlaylistTests">
    <skipped/>
  </testcase> <!-- shouldBeAbleToCreatePlaylist -->
  <system-out/>
  <testcase name="shouldBeAbleToGetPlaylist" classname="spotify.oauth2.tests.PlaylistTests">
    <skipped/>
  </testcase> <!-- shouldBeAbleToGetPlaylist -->
  <system-out/>
  <testcase name="shouldBeAbleToUpdatePlaylist" classname="spotify.oauth2.tests.PlaylistTests">
    <skipped/>
  </testcase> <!-- shouldBeAbleToUpdatePlaylist -->
  <system-out/>
</testsuite> <!-- spotify.oauth2.tests.PlaylistTests -->
