<?xml version="1.0" encoding="UTF-8"?>
<!-- Generated by org.testng.reporters.JUnitReportReporter -->
<testsuite skipped="0" hostname="hp" name="com.spotify.oauth2.tests.AudioBookAPITest" tests="2" failures="0" timestamp="2025-01-19T20:46:31 IST" time="14.666" errors="0">
  <testcase name="saveAudioBooks" time="12.388" classname="com.spotify.oauth2.tests.AudioBookAPITest"/>
  <system-out/>
  <testcase name="getAnAudioBookDetails" time="2.278" classname="com.spotify.oauth2.tests.AudioBookAPITest"/>
  <system-out/>
</testsuite> <!-- com.spotify.oauth2.tests.AudioBookAPITest -->
