<?xml version="1.0" encoding="UTF-8"?>
<!-- Generated by org.testng.reporters.JUnitReportReporter -->
<testsuite skipped="0" hostname="hp" name="com.spotify.oauth2.tests.PlaylistTests" tests="11" failures="0" timestamp="2024-12-28T20:20:45 IST" time="13.493" errors="0">
  <testcase name="shouldBeAbleToCreatePlaylist" time="7.136" classname="com.spotify.oauth2.tests.PlaylistTests"/>
  <system-out/>
  <testcase name="shouldBeAbleToGetPlaylist" time="0.672" classname="com.spotify.oauth2.tests.PlaylistTests"/>
  <system-out/>
  <testcase name="shouldBeAbleToUpdatePlaylist" time="0.585" classname="com.spotify.oauth2.tests.PlaylistTests"/>
  <system-out/>
  <testcase name="shouldNotBeAbleToCreatePlaylist" time="0.546" classname="com.spotify.oauth2.tests.PlaylistTests"/>
  <system-out/>
  <testcase name="shouldNotBeAbleToCreatePlaylistWithTampperdOrExpiredToken" time="0.501" classname="com.spotify.oauth2.tests.PlaylistTests"/>
  <system-out/>
  <testcase name="shouldBeAbleToAddItemDetails" time="0.717" classname="com.spotify.oauth2.tests.PlaylistTests"/>
  <system-out/>
  <testcase name="shouldBeAbleToGetItemDetails" time="0.598" classname="com.spotify.oauth2.tests.PlaylistTests"/>
  <system-out/>
  <testcase name="shouldBeAbleToUpdateItemDetails" time="0.587" classname="com.spotify.oauth2.tests.PlaylistTests"/>
  <system-out/>
  <testcase name="shouldBeABleToRemoveItemDetails" time="0.620" classname="com.spotify.oauth2.tests.PlaylistTests"/>
  <system-out/>
  <testcase name="getCurrantUserPlaylist" time="0.800" classname="com.spotify.oauth2.tests.PlaylistTests"/>
  <system-out/>
  <testcase name="getUsersPlaylist" time="0.731" classname="com.spotify.oauth2.tests.PlaylistTests"/>
  <system-out/>
</testsuite> <!-- com.spotify.oauth2.tests.PlaylistTests -->
