<?xml version="1.0" encoding="UTF-8"?>
<!-- Generated by org.testng.reporters.JUnitReportReporter -->
<testsuite skipped="0" hostname="hp" name="com.spotify.oauth2.tests.PlaylistTests" tests="5" failures="0" timestamp="2024-12-22T15:50:56 IST" time="17.238" errors="0">
  <testcase name="shouldBeAbleToCreatePlaylist" time="14.230" classname="com.spotify.oauth2.tests.PlaylistTests"/>
  <system-out/>
  <testcase name="shouldBeAbleToGetPlaylist" time="0.874" classname="com.spotify.oauth2.tests.PlaylistTests"/>
  <system-out/>
  <testcase name="shouldBeAbleToUpdatePlaylist" time="0.672" classname="com.spotify.oauth2.tests.PlaylistTests"/>
  <system-out/>
  <testcase name="shouldNotBeAbleToCreatePlaylist" time="0.611" classname="com.spotify.oauth2.tests.PlaylistTests"/>
  <system-out/>
  <testcase name="shouldNotBeAbleToCreatePlaylistWithTampperdOrExpiredToken" time="0.851" classname="com.spotify.oauth2.tests.PlaylistTests"/>
  <system-out/>
</testsuite> <!-- com.spotify.oauth2.tests.PlaylistTests -->
