<?xml version="1.0" encoding="UTF-8"?>
<!-- Generated by org.testng.reporters.JUnitReportReporter -->
<testsuite skipped="0" hostname="hp" name="com.spotify.oauth2.tests.PlaylistTests" tests="5" failures="0" timestamp="2024-12-21T21:31:25 IST" time="9.391" errors="0">
  <testcase name="shouldBeAbleToCreatePlaylist" time="6.887" classname="com.spotify.oauth2.tests.PlaylistTests"/>
  <system-out/>
  <testcase name="shouldBeAbleToGetPlaylist" time="0.664" classname="com.spotify.oauth2.tests.PlaylistTests"/>
  <system-out/>
  <testcase name="shouldBeAbleToUpdatePlaylist" time="0.630" classname="com.spotify.oauth2.tests.PlaylistTests"/>
  <system-out/>
  <testcase name="shouldNotBeAbleToCreatePlaylist" time="0.552" classname="com.spotify.oauth2.tests.PlaylistTests"/>
  <system-out/>
  <testcase name="shouldNotBeAbleToCreatePlaylistWithTampperdOrExpiredToken" time="0.658" classname="com.spotify.oauth2.tests.PlaylistTests"/>
  <system-out/>
</testsuite> <!-- com.spotify.oauth2.tests.PlaylistTests -->
