<?xml version="1.0" encoding="UTF-8"?>
<!-- Generated by org.testng.reporters.JUnitReportReporter -->
<testsuite skipped="0" hostname="hp" name="com.spotify.oauth2.tests.PlayerAPITest" tests="1" failures="0" timestamp="2025-03-15T12:46:02 IST" time="11.058" errors="0">
  <testcase name="getAvailableDevices" time="11.058" classname="com.spotify.oauth2.tests.PlayerAPITest"/>
  <system-out/>
</testsuite> <!-- com.spotify.oauth2.tests.PlayerAPITest -->
