<?xml version="1.0" encoding="UTF-8"?>
<!-- Generated by org.testng.reporters.JUnitReportReporter -->
<testsuite skipped="0" hostname="hp" name="com.spotify.oauth2.tests.AudioBookAPITest" tests="1" failures="0" timestamp="2025-01-23T22:12:09 IST" time="14.923" errors="0">
  <testcase name="removeUsersSavedAudioBook" time="14.923" classname="com.spotify.oauth2.tests.AudioBookAPITest"/>
  <system-out/>
</testsuite> <!-- com.spotify.oauth2.tests.AudioBookAPITest -->
