<?xml version="1.0" encoding="UTF-8"?>
<!-- Generated by org.testng.reporters.JUnitReportReporter -->
<testsuite skipped="0" hostname="hp" name="com.spotify.oauth2.tests.ChapterAPITest" tests="2" failures="0" timestamp="2025-01-30T22:01:02 IST" time="12.924" errors="0">
  <testcase name="getChapterDetail" time="12.267" classname="com.spotify.oauth2.tests.ChapterAPITest"/>
  <system-out/>
  <testcase name="getChaptersDetails" time="0.657" classname="com.spotify.oauth2.tests.ChapterAPITest"/>
  <system-out/>
</testsuite> <!-- com.spotify.oauth2.tests.ChapterAPITest -->
