<?xml version="1.0" encoding="UTF-8"?>
<!-- Generated by org.testng.reporters.JUnitReportReporter -->
<testsuite skipped="0" hostname="hp" name="com.spotify.oauth2.tests.ArtistAPITests" tests="5" failures="0" timestamp="2025-01-12T12:00:37 IST" time="15.279" errors="0">
  <testcase name="getArtistDetails" time="9.876" classname="com.spotify.oauth2.tests.ArtistAPITests"/>
  <system-out/>
  <testcase name="getArtistAlbumDetails" time="1.131" classname="com.spotify.oauth2.tests.ArtistAPITests"/>
  <system-out/>
  <testcase name="getArtistTopTrack" time="1.170" classname="com.spotify.oauth2.tests.ArtistAPITests"/>
  <system-out/>
  <testcase name="getArtistsDetails" time="0.868" classname="com.spotify.oauth2.tests.ArtistAPITests"/>
  <system-out/>
  <testcase name="getArtistsRelatedArtistDetails" time="2.234" classname="com.spotify.oauth2.tests.ArtistAPITests"/>
  <system-out/>
</testsuite> <!-- com.spotify.oauth2.tests.ArtistAPITests -->
