<?xml version="1.0" encoding="UTF-8"?>
<!-- Generated by org.testng.reporters.JUnitReportReporter -->
<testsuite skipped="0" hostname="hp" name="com.spotify.oauth2.tests.EpisodeAPITests" tests="3" failures="0" timestamp="2025-02-01T13:21:00 IST" time="13.486" errors="0">
  <testcase name="getEpisodeDetails" time="12.012" classname="com.spotify.oauth2.tests.EpisodeAPITests"/>
  <system-out/>
  <testcase name="getSevaralEpisodeDetails" time="0.580" classname="com.spotify.oauth2.tests.EpisodeAPITests"/>
  <system-out/>
  <testcase name="saveEpisodeDetails" time="0.894" classname="com.spotify.oauth2.tests.EpisodeAPITests"/>
  <system-out/>
</testsuite> <!-- com.spotify.oauth2.tests.EpisodeAPITests -->
