<?xml version="1.0" encoding="UTF-8"?>
<!-- Generated by org.testng.reporters.JUnitReportReporter -->
<testsuite skipped="4" hostname="hp" name="com.spotify.oauth2.tests.PlaylistTests" tests="5" failures="0" timestamp="2024-12-20T22:41:34 IST" time="7.165" errors="0">
  <testcase name="shouldBeAbleToGetPlaylist" time="7.165" classname="com.spotify.oauth2.tests.PlaylistTests"/>
  <system-out/>
  <testcase name="shouldNotBeAbleToCreatePlaylist" classname="com.spotify.oauth2.tests.PlaylistTests">
    <skipped/>
  </testcase> <!-- shouldNotBeAbleToCreatePlaylist -->
  <system-out/>
  <testcase name="shouldNotBeAbleToCreatePlaylistWithTampperdOrExpiredToken" classname="com.spotify.oauth2.tests.PlaylistTests">
    <skipped/>
  </testcase> <!-- shouldNotBeAbleToCreatePlaylistWithTampperdOrExpiredToken -->
  <system-out/>
  <testcase name="shouldBeAbleToCreatePlaylist" classname="com.spotify.oauth2.tests.PlaylistTests">
    <skipped/>
  </testcase> <!-- shouldBeAbleToCreatePlaylist -->
  <system-out/>
  <testcase name="shouldBeAbleToUpdatePlaylist" classname="com.spotify.oauth2.tests.PlaylistTests">
    <skipped/>
  </testcase> <!-- shouldBeAbleToUpdatePlaylist -->
  <system-out/>
</testsuite> <!-- com.spotify.oauth2.tests.PlaylistTests -->
