<?xml version="1.0" encoding="UTF-8"?>
<!-- Generated by org.testng.reporters.JUnitReportReporter -->
<testsuite skipped="0" hostname="hp" name="com.spotify.oauth2.tests.PlaylistTests" tests="1" failures="0" timestamp="2025-03-15T12:19:59 IST" time="14.602" errors="0">
  <testcase name="shouldBeAbleToCreatePlaylist" time="14.602" classname="com.spotify.oauth2.tests.PlaylistTests"/>
  <system-out/>
</testsuite> <!-- com.spotify.oauth2.tests.PlaylistTests -->
