<?xml version="1.0" encoding="UTF-8"?>
<!-- Generated by org.testng.reporters.JUnitReportReporter -->
<testsuite skipped="0" hostname="hp" name="com.spotify.oauth2.tests.AlbumAPITests" tests="10" failures="0" timestamp="2025-01-04T12:30:31 IST" time="13.531" errors="0">
  <testcase name="userShouldAbleToSaveAlbum" time="7.116" classname="com.spotify.oauth2.tests.AlbumAPITests"/>
  <system-out/>
  <testcase name="UserShouldAbleToGetAlubumDetails" time="0.670" classname="com.spotify.oauth2.tests.AlbumAPITests"/>
  <system-out/>
  <testcase name="userShouldAbleToRemoveAlbumDetails" time="0.562" classname="com.spotify.oauth2.tests.AlbumAPITests"/>
  <system-out/>
  <testcase name="userShouldAbleToGetAlbumDetails" time="0.776" classname="com.spotify.oauth2.tests.AlbumAPITests"/>
  <system-out/>
  <testcase name="UserShouldNotAbleToGetAlubumDetailsWithInvalidToken" time="0.644" classname="com.spotify.oauth2.tests.AlbumAPITests"/>
  <system-out/>
  <testcase name="UserShouldNotAbleToGetAlubumDetailsWithoutToken" time="0.511" classname="com.spotify.oauth2.tests.AlbumAPITests"/>
  <system-out/>
  <testcase name="UserShouldABleToGetSingleAlbumInfo" time="0.640" classname="com.spotify.oauth2.tests.AlbumAPITests"/>
  <system-out/>
  <testcase name="UserShouldABleToGetSeveralAlbumInfo" time="1.011" classname="com.spotify.oauth2.tests.AlbumAPITests"/>
  <system-out/>
  <testcase name="UserShouldABleToGetAlbumTrackInfo" time="0.570" classname="com.spotify.oauth2.tests.AlbumAPITests"/>
  <system-out/>
  <testcase name="UserShouldABleToGetNewRelease" time="1.031" classname="com.spotify.oauth2.tests.AlbumAPITests"/>
  <system-out/>
</testsuite> <!-- com.spotify.oauth2.tests.AlbumAPITests -->
