<?xml version="1.0" encoding="UTF-8"?>
<!-- Generated by org.testng.reporters.JUnitReportReporter -->
<testsuite skipped="0" hostname="hp" name="com.spotify.oauth2.tests.AlbumAPITests" tests="4" failures="0" timestamp="2025-01-02T22:53:05 IST" time="14.308" errors="0">
  <testcase name="userShouldAbleToSaveAlbum" time="11.942" classname="com.spotify.oauth2.tests.AlbumAPITests"/>
  <system-out/>
  <testcase name="UserShouldAbleToGetAlubumDetails" time="0.844" classname="com.spotify.oauth2.tests.AlbumAPITests"/>
  <system-out/>
  <testcase name="userShouldAbleToRemoveAlbumDetails" time="0.678" classname="com.spotify.oauth2.tests.AlbumAPITests"/>
  <system-out/>
  <testcase name="userShouldAbleToGetAlbumDetails" time="0.844" classname="com.spotify.oauth2.tests.AlbumAPITests"/>
  <system-out/>
</testsuite> <!-- com.spotify.oauth2.tests.AlbumAPITests -->
